<?xml version="1.0" encoding="UTF-8"?>
<!-- Generated by org.testng.reporters.JUnitXMLReporter -->
<testsuite ignored="6" hostname="DESKTOP-9FR7QSN" failures="0" tests="1" name="Default test" time="14.777" errors="0" timestamp="2023-04-22T13:46:34 IST">
  <testcase classname="Test.TestCases" name="VerifyLogoutFeature" time="5.37"/>
  <testcase classname="Test.TestCases" name="AddMultipleProductToCart" time="0.0">
    <ignored/>
  </testcase> <!-- AddMultipleProductToCart -->
  <testcase classname="Test.TestCases" name="VerifyifaCustomerabletoplace" time="0.0">
    <ignored/>
  </testcase> <!-- VerifyifaCustomerabletoplace -->
  <testcase classname="Test.TestCases" name="AddSingleProductOnCartByProductPage" time="0.0">
    <ignored/>
  </testcase> <!-- AddSingleProductOnCartByProductPage -->
  <testcase classname="Test.TestCases" name="removeSingleProductOnCartByProductPage" time="0.0">
    <ignored/>
  </testcase> <!-- removeSingleProductOnCartByProductPage -->
  <testcase classname="Test.TestCases" name="VerifyCustomerIsAbleToAddProductOnCart" time="0.0">
    <ignored/>
  </testcase> <!-- VerifyCustomerIsAbleToAddProductOnCart -->
  <testcase classname="Test.TestCases" name="RemoveSingleProductFromCart" time="0.0">
    <ignored/>
  </testcase> <!-- RemoveSingleProductFromCart -->
</testsuite> <!-- Default test -->
