<?xml version="1.0" encoding="UTF-8"?>
<testng-results ignored="6" total="7" passed="1" failed="0" skipped="0">
  <reporter-output>
  </reporter-output>
  <suite started-at="2023-04-22T13:46:19 IST" name="Default suite" finished-at="2023-04-22T13:46:34 IST" duration-ms="14777">
    <groups>
    </groups>
    <test started-at="2023-04-22T13:46:19 IST" name="Default test" finished-at="2023-04-22T13:46:34 IST" duration-ms="14777">
      <class name="Test.TestCases">
        <test-method is-config="true" signature="launchBrowser()[pri:0, instance:Test.TestCases@145f66e3]" started-at="2023-04-22T13:46:19 IST" name="launchBrowser" finished-at="2023-04-22T13:46:28 IST" duration-ms="9313" status="PASS">
          <reporter-output>
          </reporter-output>
        </test-method> <!-- launchBrowser -->
        <test-method signature="VerifyLogoutFeature()[pri:0, instance:Test.TestCases@145f66e3]" started-at="2023-04-22T13:46:28 IST" name="VerifyLogoutFeature" finished-at="2023-04-22T13:46:34 IST" duration-ms="5370" status="PASS">
          <reporter-output>
          </reporter-output>
        </test-method> <!-- VerifyLogoutFeature -->
      </class> <!-- Test.TestCases -->
    </test> <!-- Default test -->
  </suite> <!-- Default suite -->
</testng-results>
